######################
Welcome to Server Monitoring X
#######################
Current date and time Saturday 24 June 2023 03:58:09 PM IST
#######################
Currenty logged in user: anuragm@netmonastery.network
#######################
Last booting time at : 2023-06-24 14:00
The total uptime is : 1:57
#######################
Firewall status : 
#######################
#######################
os-version: Ubuntu 20.04.6 LTS
Total available RAM
12481 MB
Hostname : Dell-5KSLLL3
######################
Welcome to Server Monitoring X
#######################
Current date and time Saturday 24 June 2023 03:58:12 PM IST
#######################
Currenty logged in user: anuragm@netmonastery.network
#######################
Last booting time at : 2023-06-24 14:00
The total uptime is : 1:58
#######################
Firewall status : 
#######################
#######################
os-version: Ubuntu 20.04.6 LTS
Total available RAM
12483 MB
Hostname : Dell-5KSLLL3
######################
Welcome to Server Monitoring X
#######################
Current date and time Saturday 24 June 2023 03:58:15 PM IST
#######################
Currenty logged in user: anuragm@netmonastery.network
#######################
Last booting time at : 2023-06-24 14:00
The total uptime is : 1:58
#######################
Firewall status : 
#######################
#######################
os-version: Ubuntu 20.04.6 LTS
Total available RAM
12479 MB
Hostname : Dell-5KSLLL3
######################
Welcome to Server Monitoring X
#######################
Current date and time Saturday 24 June 2023 03:58:18 PM IST
#######################
Currenty logged in user: anuragm@netmonastery.network
#######################
Last booting time at : 2023-06-24 14:00
The total uptime is : 1:58
#######################
Firewall status : 
#######################
#######################
os-version: Ubuntu 20.04.6 LTS
Total available RAM
12486 MB
Hostname : Dell-5KSLLL3
######################
Welcome to Server Monitoring X
#######################
Current date and time Saturday 24 June 2023 03:58:21 PM IST
#######################
Currenty logged in user: anuragm@netmonastery.network
#######################
Last booting time at : 2023-06-24 14:00
The total uptime is : 1:58
#######################
Firewall status : 
#######################
#######################
os-version: Ubuntu 20.04.6 LTS
Total available RAM
12481 MB
Hostname : Dell-5KSLLL3
######################
Welcome to Server Monitoring X
#######################
Current date and time Saturday 24 June 2023 03:58:24 PM IST
#######################
Currenty logged in user: anuragm@netmonastery.network
#######################
Last booting time at : 2023-06-24 14:00
The total uptime is : 1:58
#######################
Firewall status : 
#######################
#######################
os-version: Ubuntu 20.04.6 LTS
Total available RAM
12495 MB
Hostname : Dell-5KSLLL3
