######################
Welcome to Server Monitoring X
#######################
Current date and time Saturday 24 June 2023 04:00:06 PM IST
#######################
Currenty logged in user: anuragm@netmonastery.network
#######################
Last booting time at : 2023-06-24 14:00
The total uptime is : 1:59
#######################
Firewall status : 
#######################
#######################
os-version: Ubuntu 20.04.6 LTS
Total available RAM
12479 MB
Hostname : Dell-5KSLLL3
######################
Welcome to Server Monitoring X
#######################
Current date and time Saturday 24 June 2023 04:00:09 PM IST
#######################
Currenty logged in user: anuragm@netmonastery.network
#######################
Last booting time at : 2023-06-24 14:00
The total uptime is : 1:59
#######################
Firewall status : 
#######################
#######################
os-version: Ubuntu 20.04.6 LTS
Total available RAM
12478 MB
Hostname : Dell-5KSLLL3
######################
Welcome to Server Monitoring X
#######################
Current date and time Saturday 24 June 2023 04:00:12 PM IST
#######################
Currenty logged in user: anuragm@netmonastery.network
#######################
Last booting time at : 2023-06-24 14:00
The total uptime is : 2:00
#######################
Firewall status : 
#######################
#######################
os-version: Ubuntu 20.04.6 LTS
Total available RAM
12470 MB
Hostname : Dell-5KSLLL3
######################
Welcome to Server Monitoring X
#######################
Current date and time Saturday 24 June 2023 04:00:15 PM IST
#######################
Currenty logged in user: anuragm@netmonastery.network
#######################
Last booting time at : 2023-06-24 14:00
The total uptime is : 2:00
#######################
Firewall status : 
#######################
#######################
os-version: Ubuntu 20.04.6 LTS
Total available RAM
12464 MB
Hostname : Dell-5KSLLL3
######################
Welcome to Server Monitoring X
#######################
Current date and time Saturday 24 June 2023 04:00:18 PM IST
#######################
Currenty logged in user: anuragm@netmonastery.network
#######################
Last booting time at : 2023-06-24 14:00
The total uptime is : 2:00
#######################
Firewall status : 
#######################
#######################
os-version: Ubuntu 20.04.6 LTS
Total available RAM
12468 MB
Hostname : Dell-5KSLLL3
######################
Welcome to Server Monitoring X
#######################
Current date and time Saturday 24 June 2023 04:00:21 PM IST
#######################
Currenty logged in user: anuragm@netmonastery.network
#######################
Last booting time at : 2023-06-24 14:00
The total uptime is : 2:00
#######################
Firewall status : 
#######################
#######################
os-version: Ubuntu 20.04.6 LTS
Total available RAM
12471 MB
Hostname : Dell-5KSLLL3
######################
Welcome to Server Monitoring X
#######################
Current date and time Saturday 24 June 2023 04:00:24 PM IST
#######################
Currenty logged in user: anuragm@netmonastery.network
#######################
Last booting time at : 2023-06-24 14:00
The total uptime is : 2:00
#######################
Firewall status : 
#######################
#######################
os-version: Ubuntu 20.04.6 LTS
Total available RAM
12488 MB
Hostname : Dell-5KSLLL3
######################
Welcome to Server Monitoring X
#######################
Current date and time Saturday 24 June 2023 04:00:27 PM IST
#######################
Currenty logged in user: anuragm@netmonastery.network
#######################
Last booting time at : 2023-06-24 14:00
The total uptime is : 2:00
#######################
Firewall status : 
#######################
#######################
os-version: Ubuntu 20.04.6 LTS
Total available RAM
12505 MB
Hostname : Dell-5KSLLL3
######################
Welcome to Server Monitoring X
#######################
Current date and time Saturday 24 June 2023 04:00:30 PM IST
#######################
Currenty logged in user: anuragm@netmonastery.network
#######################
Last booting time at : 2023-06-24 14:00
The total uptime is : 2:00
#######################
Firewall status : 
#######################
#######################
os-version: Ubuntu 20.04.6 LTS
Total available RAM
12507 MB
Hostname : Dell-5KSLLL3
######################
Welcome to Server Monitoring X
#######################
Current date and time Saturday 24 June 2023 04:00:33 PM IST
#######################
Currenty logged in user: anuragm@netmonastery.network
#######################
Last booting time at : 2023-06-24 14:00
The total uptime is : 2:00
#######################
Firewall status : 
#######################
#######################
os-version: Ubuntu 20.04.6 LTS
Total available RAM
12496 MB
Hostname : Dell-5KSLLL3
######################
Welcome to Server Monitoring X
#######################
Current date and time Saturday 24 June 2023 04:00:36 PM IST
#######################
Currenty logged in user: anuragm@netmonastery.network
#######################
Last booting time at : 2023-06-24 14:00
The total uptime is : 2:00
#######################
Firewall status : 
#######################
#######################
os-version: Ubuntu 20.04.6 LTS
Total available RAM
12495 MB
Hostname : Dell-5KSLLL3
######################
Welcome to Server Monitoring X
#######################
Current date and time Saturday 24 June 2023 04:00:39 PM IST
#######################
Currenty logged in user: anuragm@netmonastery.network
#######################
Last booting time at : 2023-06-24 14:00
The total uptime is : 2:00
#######################
Firewall status : 
#######################
#######################
os-version: Ubuntu 20.04.6 LTS
Total available RAM
12499 MB
Hostname : Dell-5KSLLL3
######################
Welcome to Server Monitoring X
#######################
Current date and time Saturday 24 June 2023 04:00:42 PM IST
#######################
Currenty logged in user: anuragm@netmonastery.network
#######################
Last booting time at : 2023-06-24 14:00
The total uptime is : 2:00
#######################
Firewall status : 
#######################
#######################
os-version: Ubuntu 20.04.6 LTS
Total available RAM
12509 MB
Hostname : Dell-5KSLLL3
######################
Welcome to Server Monitoring X
#######################
Current date and time Saturday 24 June 2023 04:00:45 PM IST
#######################
Currenty logged in user: anuragm@netmonastery.network
#######################
Last booting time at : 2023-06-24 14:00
The total uptime is : 2:00
#######################
Firewall status : 
#######################
#######################
os-version: Ubuntu 20.04.6 LTS
Total available RAM
12510 MB
Hostname : Dell-5KSLLL3
######################
Welcome to Server Monitoring X
#######################
Current date and time Saturday 24 June 2023 04:00:48 PM IST
#######################
Currenty logged in user: anuragm@netmonastery.network
#######################
Last booting time at : 2023-06-24 14:00
The total uptime is : 2:00
#######################
Firewall status : 
#######################
#######################
os-version: Ubuntu 20.04.6 LTS
Total available RAM
12508 MB
Hostname : Dell-5KSLLL3
